<?xml version="1.0" encoding="UTF-8"?>
<robot generator="Robot 3.1 (Python 3.7.0 on darwin)" generated="20190103 09:39:42.728" rpa="false">
<suite id="s1" name="Hiptest" source="/Users/mtaylor/dev/labs/hiptest">
<suite id="s1-s1" name="Test Robot Test Project" source="/Users/mtaylor/dev/labs/hiptest/test_robot_test_project.txt">
<test id="s1-s1-t1" name="Valid Login">
<kw name="Given i_have_launch_the_site_protect_site" library="keywords">
<kw name="Open Browser" library="SeleniumLibrary">
<doc>Opens a new browser instance to the given ``url``.</doc>
<arguments>
<arg>url=https://signon.qasiteprotect.com</arg>
<arg>browser=headlesschrome</arg>
</arguments>
<msg timestamp="20190103 09:39:42.879" level="INFO">Opening browser 'headlesschrome' to base url 'https://signon.qasiteprotect.com'.</msg>
<status status="PASS" starttime="20190103 09:39:42.878" endtime="20190103 09:39:45.465"></status>
</kw>
<kw name="Set Selenium Speed" library="SeleniumLibrary">
<doc>Sets the delay that is waited after each Selenium command.</doc>
<arguments>
<arg>0.5s</arg>
</arguments>
<status status="PASS" starttime="20190103 09:39:45.465" endtime="20190103 09:39:45.465"></status>
</kw>
<kw name="Set Window Size" library="SeleniumLibrary">
<doc>Sets current windows size to given ``width`` and ``height``.</doc>
<arguments>
<arg>1440</arg>
<arg>900</arg>
</arguments>
<status status="PASS" starttime="20190103 09:39:45.466" endtime="20190103 09:39:46.075"></status>
</kw>
<status status="PASS" starttime="20190103 09:39:42.878" endtime="20190103 09:39:46.075"></status>
</kw>
<kw name="When i_login_with_a_valid_user" library="keywords">
<kw name="Log in with user" library="keywords">
<arguments>
<arg>neustarsp+robot_DC_account@gmail.com</arg>
<arg>Password123!</arg>
</arguments>
<kw name="Wait Until Element Is Visible" library="SeleniumLibrary">
<doc>Waits until element ``locator`` is visible.</doc>
<arguments>
<arg>css:[type="email"]</arg>
<arg>timeout=15s</arg>
</arguments>
<status status="PASS" starttime="20190103 09:39:46.077" endtime="20190103 09:39:47.114"></status>
</kw>
<kw name="Input Text" library="SeleniumLibrary">
<doc>Types the given ``text`` into text field identified by ``locator``.</doc>
<arguments>
<arg>css:[type="email"]</arg>
<arg>${USERNAME}</arg>
</arguments>
<msg timestamp="20190103 09:39:47.114" level="INFO">Typing text 'neustarsp+robot_DC_account@gmail.com' into text field 'css:[type="email"]'.</msg>
<status status="PASS" starttime="20190103 09:39:47.114" endtime="20190103 09:39:48.906"></status>
</kw>
<kw name="Input Text" library="SeleniumLibrary">
<doc>Types the given ``text`` into text field identified by ``locator``.</doc>
<arguments>
<arg>css:[type="password"]</arg>
<arg>${PASSWORD}</arg>
</arguments>
<msg timestamp="20190103 09:39:48.907" level="INFO">Typing text 'Password123!' into text field 'css:[type="password"]'.</msg>
<status status="PASS" starttime="20190103 09:39:48.907" endtime="20190103 09:39:50.534"></status>
</kw>
<kw name="Click Element" library="SeleniumLibrary">
<doc>Click element identified by ``locator``.</doc>
<arguments>
<arg>css:.auth0-label-submit</arg>
</arguments>
<msg timestamp="20190103 09:39:50.535" level="INFO">Clicking element 'css:.auth0-label-submit'.</msg>
<status status="PASS" starttime="20190103 09:39:50.534" endtime="20190103 09:39:51.614"></status>
</kw>
<status status="PASS" starttime="20190103 09:39:46.076" endtime="20190103 09:39:51.614"></status>
</kw>
<status status="PASS" starttime="20190103 09:39:46.076" endtime="20190103 09:39:51.614"></status>
</kw>
<kw name="Then i_should_see_the_home_page" library="keywords">
<kw name="Wait Until Element Is Visible" library="SeleniumLibrary">
<doc>Waits until element ``locator`` is visible.</doc>
<arguments>
<arg>xpath=//div[contains(@class, "avatar avatar-image avatar")]/..</arg>
<arg>timeout=15s</arg>
</arguments>
<status status="PASS" starttime="20190103 09:39:51.615" endtime="20190103 09:39:55.352"></status>
</kw>
<kw name="Capture Page Screenshot" library="SeleniumLibrary">
<doc>Takes screenshot of the current page and embeds it into log file.</doc>
<msg timestamp="20190103 09:39:56.328" level="INFO" html="yes">&lt;/td&gt;&lt;/tr&gt;&lt;tr&gt;&lt;td colspan="3"&gt;&lt;a href="selenium-screenshot-1.png"&gt;&lt;img src="selenium-screenshot-1.png" width="800px"&gt;&lt;/a&gt;</msg>
<status status="PASS" starttime="20190103 09:39:55.352" endtime="20190103 09:39:56.329"></status>
</kw>
<status status="PASS" starttime="20190103 09:39:51.614" endtime="20190103 09:39:56.329"></status>
</kw>
<status status="PASS" starttime="20190103 09:39:42.877" endtime="20190103 09:39:56.329" critical="yes"></status>
</test>
<status status="PASS" starttime="20190103 09:39:42.756" endtime="20190103 09:39:56.330"></status>
</suite>
<status status="PASS" starttime="20190103 09:39:42.731" endtime="20190103 09:39:56.332"></status>
</suite>
<statistics>
<total>
<stat pass="1" fail="0">Critical Tests</stat>
<stat pass="1" fail="0">All Tests</stat>
</total>
<tag>
</tag>
<suite>
<stat pass="1" fail="0" id="s1" name="Hiptest">Hiptest</stat>
<stat pass="1" fail="0" id="s1-s1" name="Test Robot Test Project">Hiptest.Test Robot Test Project</stat>
</suite>
</statistics>
<errors>
<msg timestamp="20190103 09:39:42.725" level="WARN">Automatically parsing other than '*.robot' files is deprecated. Convert '/Users/mtaylor/dev/labs/hiptest/test_robot_test_project.txt' to '*.robot' format or use '--extension' to explicitly configure which files to parse.</msg>
</errors>
</robot>
